;  LST file generated by mikroListExporter - v.2.0 
; Date/Time: 24/04/2022 12:31:30 Õ
;----------------------------------------------

;Address Opcode 	ASM
0x0000	0x2A6C      	GOTO       620
_Delay_1us:
;__Lib_Delays.c,7 :: 		void Delay_1us() {
;__Lib_Delays.c,8 :: 		Delay_us(1);
0x0003	0x0000      	NOP
;__Lib_Delays.c,9 :: 		}
L_end_Delay_1us:
0x0004	0x0008      	RETURN
; end of _Delay_1us
_Delay_50us:
;__Lib_Delays.c,19 :: 		void Delay_50us() {
;__Lib_Delays.c,20 :: 		Delay_us(50);
0x0005	0x3010      	MOVLW      16
0x0006	0x1283      	BCF        STATUS, 5
0x0007	0x1303      	BCF        STATUS, 6
0x0008	0x00FD      	MOVWF      R13
L_Delay_50us2:
0x0009	0x0BFD      	DECFSZ     R13, 1
0x000A	0x2809      	GOTO       L_Delay_50us2
0x000B	0x0000      	NOP
;__Lib_Delays.c,21 :: 		}
L_end_Delay_50us:
0x000C	0x0008      	RETURN
; end of _Delay_50us
_Delay_5500us:
;__Lib_Delays.c,31 :: 		void Delay_5500us() {
;__Lib_Delays.c,32 :: 		Delay_us(5500);
0x000D	0x3008      	MOVLW      8
0x000E	0x1283      	BCF        STATUS, 5
0x000F	0x1303      	BCF        STATUS, 6
0x0010	0x00FC      	MOVWF      R12
0x0011	0x3023      	MOVLW      35
0x0012	0x00FD      	MOVWF      R13
L_Delay_5500us5:
0x0013	0x0BFD      	DECFSZ     R13, 1
0x0014	0x2813      	GOTO       L_Delay_5500us5
0x0015	0x0BFC      	DECFSZ     R12, 1
0x0016	0x2813      	GOTO       L_Delay_5500us5
;__Lib_Delays.c,33 :: 		}
L_end_Delay_5500us:
0x0017	0x0008      	RETURN
; end of _Delay_5500us
_Lcd_Cmd:
;__Lib_Lcd.c,18 :: 		
;__Lib_Lcd.c,20 :: 		
0x0018	0x1283      	BCF        STATUS, 5
0x0019	0x1303      	BCF        STATUS, 6
0x001A	0x1BE4      	BTFSC      FARG_Lcd_Cmd_out_char, 7
0x001B	0x281E      	GOTO       L__Lcd_Cmd21
0x001C	0x1387      	BCF        LCD_D7, BitPos(LCD_D7+0)
0x001D	0x281F      	GOTO       L__Lcd_Cmd22
L__Lcd_Cmd21:
0x001E	0x1787      	BSF        LCD_D7, BitPos(LCD_D7+0)
L__Lcd_Cmd22:
;__Lib_Lcd.c,21 :: 		
0x001F	0x1B64      	BTFSC      FARG_Lcd_Cmd_out_char, 6
0x0020	0x2823      	GOTO       L__Lcd_Cmd23
0x0021	0x1307      	BCF        LCD_D6, BitPos(LCD_D6+0)
0x0022	0x2824      	GOTO       L__Lcd_Cmd24
L__Lcd_Cmd23:
0x0023	0x1707      	BSF        LCD_D6, BitPos(LCD_D6+0)
L__Lcd_Cmd24:
;__Lib_Lcd.c,22 :: 		
0x0024	0x1AE4      	BTFSC      FARG_Lcd_Cmd_out_char, 5
0x0025	0x2828      	GOTO       L__Lcd_Cmd25
0x0026	0x1287      	BCF        LCD_D5, BitPos(LCD_D5+0)
0x0027	0x2829      	GOTO       L__Lcd_Cmd26
L__Lcd_Cmd25:
0x0028	0x1687      	BSF        LCD_D5, BitPos(LCD_D5+0)
L__Lcd_Cmd26:
;__Lib_Lcd.c,23 :: 		
0x0029	0x1A64      	BTFSC      FARG_Lcd_Cmd_out_char, 4
0x002A	0x282D      	GOTO       L__Lcd_Cmd27
0x002B	0x1207      	BCF        LCD_D4, BitPos(LCD_D4+0)
0x002C	0x282E      	GOTO       L__Lcd_Cmd28
L__Lcd_Cmd27:
0x002D	0x1607      	BSF        LCD_D4, BitPos(LCD_D4+0)
L__Lcd_Cmd28:
;__Lib_Lcd.c,25 :: 		
0x002E	0x1853      	BTFSC      __Lib_Lcd_cmd_status, BitPos(__Lib_Lcd_cmd_status+0)
0x002F	0x2832      	GOTO       L__Lcd_Cmd29
0x0030	0x1507      	BSF        LCD_RS, BitPos(LCD_RS+0)
0x0031	0x2833      	GOTO       L__Lcd_Cmd30
L__Lcd_Cmd29:
0x0032	0x1107      	BCF        LCD_RS, BitPos(LCD_RS+0)
L__Lcd_Cmd30:
;__Lib_Lcd.c,28 :: 		
0x0033	0x1587      	BSF        LCD_EN, BitPos(LCD_EN+0)
;__Lib_Lcd.c,29 :: 		
0x0034	0x2003      	CALL       _Delay_1us
;__Lib_Lcd.c,30 :: 		
0x0035	0x1187      	BCF        LCD_EN, BitPos(LCD_EN+0)
;__Lib_Lcd.c,33 :: 		
0x0036	0x19E4      	BTFSC      FARG_Lcd_Cmd_out_char, 3
0x0037	0x283A      	GOTO       L__Lcd_Cmd31
0x0038	0x1387      	BCF        LCD_D7, BitPos(LCD_D7+0)
0x0039	0x283B      	GOTO       L__Lcd_Cmd32
L__Lcd_Cmd31:
0x003A	0x1787      	BSF        LCD_D7, BitPos(LCD_D7+0)
L__Lcd_Cmd32:
;__Lib_Lcd.c,34 :: 		
0x003B	0x1964      	BTFSC      FARG_Lcd_Cmd_out_char, 2
0x003C	0x283F      	GOTO       L__Lcd_Cmd33
0x003D	0x1307      	BCF        LCD_D6, BitPos(LCD_D6+0)
0x003E	0x2840      	GOTO       L__Lcd_Cmd34
L__Lcd_Cmd33:
0x003F	0x1707      	BSF        LCD_D6, BitPos(LCD_D6+0)
L__Lcd_Cmd34:
;__Lib_Lcd.c,35 :: 		
0x0040	0x18E4      	BTFSC      FARG_Lcd_Cmd_out_char, 1
0x0041	0x2844      	GOTO       L__Lcd_Cmd35
0x0042	0x1287      	BCF        LCD_D5, BitPos(LCD_D5+0)
0x0043	0x2845      	GOTO       L__Lcd_Cmd36
L__Lcd_Cmd35:
0x0044	0x1687      	BSF        LCD_D5, BitPos(LCD_D5+0)
L__Lcd_Cmd36:
;__Lib_Lcd.c,36 :: 		
0x0045	0x1864      	BTFSC      FARG_Lcd_Cmd_out_char, 0
0x0046	0x2849      	GOTO       L__Lcd_Cmd37
0x0047	0x1207      	BCF        LCD_D4, BitPos(LCD_D4+0)
0x0048	0x284A      	GOTO       L__Lcd_Cmd38
L__Lcd_Cmd37:
0x0049	0x1607      	BSF        LCD_D4, BitPos(LCD_D4+0)
L__Lcd_Cmd38:
;__Lib_Lcd.c,38 :: 		
0x004A	0x1853      	BTFSC      __Lib_Lcd_cmd_status, BitPos(__Lib_Lcd_cmd_status+0)
0x004B	0x284E      	GOTO       L__Lcd_Cmd39
0x004C	0x1507      	BSF        LCD_RS, BitPos(LCD_RS+0)
0x004D	0x284F      	GOTO       L__Lcd_Cmd40
L__Lcd_Cmd39:
0x004E	0x1107      	BCF        LCD_RS, BitPos(LCD_RS+0)
L__Lcd_Cmd40:
;__Lib_Lcd.c,40 :: 		
0x004F	0x1587      	BSF        LCD_EN, BitPos(LCD_EN+0)
;__Lib_Lcd.c,41 :: 		
0x0050	0x2003      	CALL       _Delay_1us
;__Lib_Lcd.c,42 :: 		
0x0051	0x1187      	BCF        LCD_EN, BitPos(LCD_EN+0)
;__Lib_Lcd.c,44 :: 		
0x0052	0x1C53      	BTFSS      __Lib_Lcd_cmd_status, BitPos(__Lib_Lcd_cmd_status+0)
0x0053	0x2856      	GOTO       L_Lcd_Cmd0
;__Lib_Lcd.c,45 :: 		
0x0054	0x200D      	CALL       _Delay_5500us
0x0055	0x2857      	GOTO       L_Lcd_Cmd1
L_Lcd_Cmd0:
;__Lib_Lcd.c,47 :: 		
0x0056	0x2005      	CALL       _Delay_50us
L_Lcd_Cmd1:
;__Lib_Lcd.c,48 :: 		
L_end_Lcd_Cmd:
0x0057	0x0008      	RETURN
; end of _Lcd_Cmd
_Keypad_Key_Press:
;__Lib_Keypad4x4.c,38 :: 		
;__Lib_Keypad4x4.c,42 :: 		
0x0058	0x1283      	BCF        STATUS, 5
0x0059	0x1303      	BCF        STATUS, 6
0x005A	0x01DF      	CLRF       Keypad_Key_Press_rslt_L0
;__Lib_Keypad4x4.c,43 :: 		
0x005B	0x01E1      	CLRF       Keypad_Key_Press_loc_L0
;__Lib_Keypad4x4.c,44 :: 		
0x005C	0x01E2      	CLRF       Keypad_Key_Press_rowcnt_L0
;__Lib_Keypad4x4.c,45 :: 		
0x005D	0x3010      	MOVLW      16
0x005E	0x00E3      	MOVWF      Keypad_Key_Press_shifter_L0
;__Lib_Keypad4x4.c,47 :: 		
L_Keypad_Key_Press0:
0x005F	0x3004      	MOVLW      4
0x0060	0x0262      	SUBWF      Keypad_Key_Press_rowcnt_L0, 0
0x0061	0x1803      	BTFSC      STATUS, 0
0x0062	0x2884      	GOTO       L_Keypad_Key_Press1
;__Lib_Keypad4x4.c,49 :: 		
0x0063	0x30F0      	MOVLW      240
0x0064	0x0086      	MOVWF      keypadPort
;__Lib_Keypad4x4.c,50 :: 		
0x0065	0x0963      	COMF       Keypad_Key_Press_shifter_L0, 0
0x0066	0x1683      	BSF        STATUS, 5
0x0067	0x0086      	MOVWF      keypadPort+128
;__Lib_Keypad4x4.c,54 :: 		
0x0068	0x2003      	CALL       _Delay_1us
;__Lib_Keypad4x4.c,55 :: 		
0x0069	0x2003      	CALL       _Delay_1us
;__Lib_Keypad4x4.c,56 :: 		
0x006A	0x300F      	MOVLW      15
0x006B	0x1283      	BCF        STATUS, 5
0x006C	0x0506      	ANDWF      keypadPort, 0
0x006D	0x00F0      	MOVWF      R0
0x006E	0x0870      	MOVF       R0, 0
0x006F	0x00E0      	MOVWF      Keypad_Key_Press_kdata_L0
;__Lib_Keypad4x4.c,57 :: 		
0x0070	0x0870      	MOVF       R0, 0
0x0071	0x1903      	BTFSC      STATUS, 2
0x0072	0x287E      	GOTO       L_Keypad_Key_Press2
;__Lib_Keypad4x4.c,59 :: 		
0x0073	0x0861      	MOVF       Keypad_Key_Press_loc_L0, 0
0x0074	0x00DF      	MOVWF      Keypad_Key_Press_rslt_L0
;__Lib_Keypad4x4.c,60 :: 		
L_Keypad_Key_Press3:
0x0075	0x0860      	MOVF       Keypad_Key_Press_kdata_L0, 0
0x0076	0x1903      	BTFSC      STATUS, 2
0x0077	0x287C      	GOTO       L_Keypad_Key_Press4
;__Lib_Keypad4x4.c,61 :: 		
0x0078	0x0CE0      	RRF        Keypad_Key_Press_kdata_L0, 1
0x0079	0x13E0      	BCF        Keypad_Key_Press_kdata_L0, 7
;__Lib_Keypad4x4.c,62 :: 		
0x007A	0x0ADF      	INCF       Keypad_Key_Press_rslt_L0, 1
;__Lib_Keypad4x4.c,63 :: 		
0x007B	0x2875      	GOTO       L_Keypad_Key_Press3
L_Keypad_Key_Press4:
;__Lib_Keypad4x4.c,65 :: 		
0x007C	0x3004      	MOVLW      4
0x007D	0x00E2      	MOVWF      Keypad_Key_Press_rowcnt_L0
;__Lib_Keypad4x4.c,66 :: 		
L_Keypad_Key_Press2:
;__Lib_Keypad4x4.c,67 :: 		
0x007E	0x0DE3      	RLF        Keypad_Key_Press_shifter_L0, 1
0x007F	0x1063      	BCF        Keypad_Key_Press_shifter_L0, 0
;__Lib_Keypad4x4.c,68 :: 		
0x0080	0x3004      	MOVLW      4
0x0081	0x07E1      	ADDWF      Keypad_Key_Press_loc_L0, 1
;__Lib_Keypad4x4.c,69 :: 		
0x0082	0x0AE2      	INCF       Keypad_Key_Press_rowcnt_L0, 1
;__Lib_Keypad4x4.c,70 :: 		
0x0083	0x285F      	GOTO       L_Keypad_Key_Press0
L_Keypad_Key_Press1:
;__Lib_Keypad4x4.c,72 :: 		
0x0084	0x085F      	MOVF       Keypad_Key_Press_rslt_L0, 0
0x0085	0x00F0      	MOVWF      R0
;__Lib_Keypad4x4.c,73 :: 		
L_end_Keypad_Key_Press:
0x0086	0x0008      	RETURN
; end of _Keypad_Key_Press
_Lcd_Chr_CP:
;__Lib_Lcd.c,50 :: 		
;__Lib_Lcd.c,52 :: 		
0x0087	0x1283      	BCF        STATUS, 5
0x0088	0x1303      	BCF        STATUS, 6
0x0089	0x1053      	BCF        __Lib_Lcd_cmd_status, BitPos(__Lib_Lcd_cmd_status+0)
;__Lib_Lcd.c,53 :: 		
0x008A	0x085F      	MOVF       FARG_Lcd_Chr_CP_out_char, 0
0x008B	0x00E4      	MOVWF      FARG_Lcd_Cmd_out_char
0x008C	0x2018      	CALL       _Lcd_Cmd
;__Lib_Lcd.c,54 :: 		
0x008D	0x1453      	BSF        __Lib_Lcd_cmd_status, BitPos(__Lib_Lcd_cmd_status+0)
;__Lib_Lcd.c,55 :: 		
L_end_Lcd_Chr_CP:
0x008E	0x0008      	RETURN
; end of _Lcd_Chr_CP
_Delay_10us:
;__Lib_Delays.c,11 :: 		void Delay_10us() {
;__Lib_Delays.c,12 :: 		Delay_us(10);
0x008F	0x3003      	MOVLW      3
0x0090	0x1283      	BCF        STATUS, 5
0x0091	0x1303      	BCF        STATUS, 6
0x0092	0x00FD      	MOVWF      R13
L_Delay_10us0:
0x0093	0x0BFD      	DECFSZ     R13, 1
0x0094	0x2893      	GOTO       L_Delay_10us0
;__Lib_Delays.c,13 :: 		}
L_end_Delay_10us:
0x0095	0x0008      	RETURN
; end of _Delay_10us
_____DoICP:
;__Lib_System.c,6 :: 		
;__Lib_System.c,9 :: 		
0x0096	0x1283      	BCF        STATUS, 5
0x0097	0x1303      	BCF        STATUS, 6
0x0098	0x0852      	MOVF       ___DoICPAddr+1, 0
0x0099	0x008A      	MOVWF      PCLATH
;__Lib_System.c,10 :: 		
0x009A	0x0851      	MOVF       ___DoICPAddr, 0
0x009B	0x0082      	MOVWF      PCL
;__Lib_System.c,12 :: 		
L_end_____DoICP:
0x009C	0x0008      	RETURN
; end of _____DoICP
_Keypad_Key_Click:
;__Lib_Keypad4x4.c,76 :: 		
;__Lib_Keypad4x4.c,80 :: 		
0x009D	0x2058      	CALL       _Keypad_Key_Press
0x009E	0x0870      	MOVF       R0, 0
0x009F	0x00DB      	MOVWF      Keypad_Key_Click_rslt_L0
;__Lib_Keypad4x4.c,82 :: 		
L_Keypad_Key_Click5:
0x00A0	0x300F      	MOVLW      15
0x00A1	0x0506      	ANDWF      keypadPort, 0
0x00A2	0x00F0      	MOVWF      R0
0x00A3	0x1903      	BTFSC      STATUS, 2
0x00A4	0x28A7      	GOTO       L_Keypad_Key_Click6
;__Lib_Keypad4x4.c,83 :: 		
0x00A5	0x208F      	CALL       _Delay_10us
0x00A6	0x28A0      	GOTO       L_Keypad_Key_Click5
L_Keypad_Key_Click6:
;__Lib_Keypad4x4.c,85 :: 		
0x00A7	0x085B      	MOVF       Keypad_Key_Click_rslt_L0, 0
0x00A8	0x00F0      	MOVWF      R0
;__Lib_Keypad4x4.c,86 :: 		
L_end_Keypad_Key_Click:
0x00A9	0x0008      	RETURN
; end of _Keypad_Key_Click
_Lcd_Out:
;__Lib_Lcd.c,184 :: 		
;__Lib_Lcd.c,187 :: 		
0x00AA	0x28BC      	GOTO       L_Lcd_Out11
;__Lib_Lcd.c,188 :: 		
L_Lcd_Out13:
0x00AB	0x3080      	MOVLW      128
0x00AC	0x1283      	BCF        STATUS, 5
0x00AD	0x1303      	BCF        STATUS, 6
0x00AE	0x00DB      	MOVWF      FARG_Lcd_Out_row
0x00AF	0x28CF      	GOTO       L_Lcd_Out12
;__Lib_Lcd.c,189 :: 		
L_Lcd_Out14:
0x00B0	0x30C0      	MOVLW      192
0x00B1	0x00DB      	MOVWF      FARG_Lcd_Out_row
0x00B2	0x28CF      	GOTO       L_Lcd_Out12
;__Lib_Lcd.c,190 :: 		
L_Lcd_Out15:
0x00B3	0x3094      	MOVLW      148
0x00B4	0x00DB      	MOVWF      FARG_Lcd_Out_row
0x00B5	0x28CF      	GOTO       L_Lcd_Out12
;__Lib_Lcd.c,191 :: 		
L_Lcd_Out16:
0x00B6	0x30D4      	MOVLW      212
0x00B7	0x00DB      	MOVWF      FARG_Lcd_Out_row
0x00B8	0x28CF      	GOTO       L_Lcd_Out12
;__Lib_Lcd.c,192 :: 		
L_Lcd_Out17:
0x00B9	0x3080      	MOVLW      128
0x00BA	0x00DB      	MOVWF      FARG_Lcd_Out_row
;__Lib_Lcd.c,193 :: 		
0x00BB	0x28CF      	GOTO       L_Lcd_Out12
L_Lcd_Out11:
0x00BC	0x1283      	BCF        STATUS, 5
0x00BD	0x1303      	BCF        STATUS, 6
0x00BE	0x085B      	MOVF       FARG_Lcd_Out_row, 0
0x00BF	0x3A01      	XORLW      1
0x00C0	0x1903      	BTFSC      STATUS, 2
0x00C1	0x28AB      	GOTO       L_Lcd_Out13
0x00C2	0x085B      	MOVF       FARG_Lcd_Out_row, 0
0x00C3	0x3A02      	XORLW      2
0x00C4	0x1903      	BTFSC      STATUS, 2
0x00C5	0x28B0      	GOTO       L_Lcd_Out14
0x00C6	0x085B      	MOVF       FARG_Lcd_Out_row, 0
0x00C7	0x3A03      	XORLW      3
0x00C8	0x1903      	BTFSC      STATUS, 2
0x00C9	0x28B3      	GOTO       L_Lcd_Out15
0x00CA	0x085B      	MOVF       FARG_Lcd_Out_row, 0
0x00CB	0x3A04      	XORLW      4
0x00CC	0x1903      	BTFSC      STATUS, 2
0x00CD	0x28B6      	GOTO       L_Lcd_Out16
0x00CE	0x28B9      	GOTO       L_Lcd_Out17
L_Lcd_Out12:
;__Lib_Lcd.c,194 :: 		
0x00CF	0x035C      	DECF       FARG_Lcd_Out_column, 0
0x00D0	0x00F0      	MOVWF      R0
0x00D1	0x085B      	MOVF       FARG_Lcd_Out_row, 0
0x00D2	0x07F0      	ADDWF      R0, 1
0x00D3	0x0870      	MOVF       R0, 0
0x00D4	0x00DB      	MOVWF      FARG_Lcd_Out_row
;__Lib_Lcd.c,196 :: 		
0x00D5	0x0870      	MOVF       R0, 0
0x00D6	0x00E4      	MOVWF      FARG_Lcd_Cmd_out_char
0x00D7	0x2018      	CALL       _Lcd_Cmd
;__Lib_Lcd.c,197 :: 		
0x00D8	0x1053      	BCF        __Lib_Lcd_cmd_status, BitPos(__Lib_Lcd_cmd_status+0)
;__Lib_Lcd.c,198 :: 		
0x00D9	0x01DE      	CLRF       Lcd_Out_i_L0
;__Lib_Lcd.c,199 :: 		
L_Lcd_Out18:
0x00DA	0x085E      	MOVF       Lcd_Out_i_L0, 0
0x00DB	0x075D      	ADDWF      FARG_Lcd_Out_text, 0
0x00DC	0x0084      	MOVWF      FSR
0x00DD	0x0800      	MOVF       INDF, 0
0x00DE	0x1903      	BTFSC      STATUS, 2
0x00DF	0x28E8      	GOTO       L_Lcd_Out19
;__Lib_Lcd.c,200 :: 		
0x00E0	0x085E      	MOVF       Lcd_Out_i_L0, 0
0x00E1	0x075D      	ADDWF      FARG_Lcd_Out_text, 0
0x00E2	0x0084      	MOVWF      FSR
0x00E3	0x0800      	MOVF       INDF, 0
0x00E4	0x00DF      	MOVWF      FARG_Lcd_Chr_CP_out_char
0x00E5	0x2087      	CALL       _Lcd_Chr_CP
0x00E6	0x0ADE      	INCF       Lcd_Out_i_L0, 1
0x00E7	0x28DA      	GOTO       L_Lcd_Out18
L_Lcd_Out19:
;__Lib_Lcd.c,201 :: 		
0x00E8	0x1453      	BSF        __Lib_Lcd_cmd_status, BitPos(__Lib_Lcd_cmd_status+0)
;__Lib_Lcd.c,202 :: 		
L_end_Lcd_Out:
0x00E9	0x0008      	RETURN
; end of _Lcd_Out
_Lcd_Chr:
;__Lib_Lcd.c,65 :: 		
;__Lib_Lcd.c,66 :: 		
0x00EA	0x28FC      	GOTO       L_Lcd_Chr4
;__Lib_Lcd.c,67 :: 		
L_Lcd_Chr6:
0x00EB	0x3080      	MOVLW      128
0x00EC	0x1283      	BCF        STATUS, 5
0x00ED	0x1303      	BCF        STATUS, 6
0x00EE	0x00DB      	MOVWF      FARG_Lcd_Chr_row
0x00EF	0x290F      	GOTO       L_Lcd_Chr5
;__Lib_Lcd.c,68 :: 		
L_Lcd_Chr7:
0x00F0	0x30C0      	MOVLW      192
0x00F1	0x00DB      	MOVWF      FARG_Lcd_Chr_row
0x00F2	0x290F      	GOTO       L_Lcd_Chr5
;__Lib_Lcd.c,69 :: 		
L_Lcd_Chr8:
0x00F3	0x3094      	MOVLW      148
0x00F4	0x00DB      	MOVWF      FARG_Lcd_Chr_row
0x00F5	0x290F      	GOTO       L_Lcd_Chr5
;__Lib_Lcd.c,70 :: 		
L_Lcd_Chr9:
0x00F6	0x30D4      	MOVLW      212
0x00F7	0x00DB      	MOVWF      FARG_Lcd_Chr_row
0x00F8	0x290F      	GOTO       L_Lcd_Chr5
;__Lib_Lcd.c,71 :: 		
L_Lcd_Chr10:
0x00F9	0x3080      	MOVLW      128
0x00FA	0x00DB      	MOVWF      FARG_Lcd_Chr_row
;__Lib_Lcd.c,72 :: 		
0x00FB	0x290F      	GOTO       L_Lcd_Chr5
L_Lcd_Chr4:
0x00FC	0x1283      	BCF        STATUS, 5
0x00FD	0x1303      	BCF        STATUS, 6
0x00FE	0x085B      	MOVF       FARG_Lcd_Chr_row, 0
0x00FF	0x3A01      	XORLW      1
0x0100	0x1903      	BTFSC      STATUS, 2
0x0101	0x28EB      	GOTO       L_Lcd_Chr6
0x0102	0x085B      	MOVF       FARG_Lcd_Chr_row, 0
0x0103	0x3A02      	XORLW      2
0x0104	0x1903      	BTFSC      STATUS, 2
0x0105	0x28F0      	GOTO       L_Lcd_Chr7
0x0106	0x085B      	MOVF       FARG_Lcd_Chr_row, 0
0x0107	0x3A03      	XORLW      3
0x0108	0x1903      	BTFSC      STATUS, 2
0x0109	0x28F3      	GOTO       L_Lcd_Chr8
0x010A	0x085B      	MOVF       FARG_Lcd_Chr_row, 0
0x010B	0x3A04      	XORLW      4
0x010C	0x1903      	BTFSC      STATUS, 2
0x010D	0x28F6      	GOTO       L_Lcd_Chr9
0x010E	0x28F9      	GOTO       L_Lcd_Chr10
L_Lcd_Chr5:
;__Lib_Lcd.c,74 :: 		
0x010F	0x035C      	DECF       FARG_Lcd_Chr_column, 0
0x0110	0x00F0      	MOVWF      R0
0x0111	0x085B      	MOVF       FARG_Lcd_Chr_row, 0
0x0112	0x07F0      	ADDWF      R0, 1
0x0113	0x0870      	MOVF       R0, 0
0x0114	0x00DB      	MOVWF      FARG_Lcd_Chr_row
;__Lib_Lcd.c,76 :: 		
0x0115	0x1453      	BSF        __Lib_Lcd_cmd_status, BitPos(__Lib_Lcd_cmd_status+0)
;__Lib_Lcd.c,77 :: 		
0x0116	0x0870      	MOVF       R0, 0
0x0117	0x00E4      	MOVWF      FARG_Lcd_Cmd_out_char
0x0118	0x2018      	CALL       _Lcd_Cmd
;__Lib_Lcd.c,79 :: 		
0x0119	0x1053      	BCF        __Lib_Lcd_cmd_status, BitPos(__Lib_Lcd_cmd_status+0)
;__Lib_Lcd.c,80 :: 		
0x011A	0x085D      	MOVF       FARG_Lcd_Chr_out_char, 0
0x011B	0x00E4      	MOVWF      FARG_Lcd_Cmd_out_char
0x011C	0x2018      	CALL       _Lcd_Cmd
;__Lib_Lcd.c,81 :: 		
0x011D	0x1453      	BSF        __Lib_Lcd_cmd_status, BitPos(__Lib_Lcd_cmd_status+0)
;__Lib_Lcd.c,82 :: 		
L_end_Lcd_Chr:
0x011E	0x0008      	RETURN
; end of _Lcd_Chr
_strcmp:
;__Lib_CString.c,115 :: 		
;__Lib_CString.c,117 :: 		
L_strcmp30:
0x011F	0x1283      	BCF        STATUS, 5
0x0120	0x1303      	BCF        STATUS, 6
0x0121	0x085B      	MOVF       FARG_strcmp_s1, 0
0x0122	0x0084      	MOVWF      FSR
0x0123	0x0800      	MOVF       INDF, 0
0x0124	0x1903      	BTFSC      STATUS, 2
0x0125	0x2933      	GOTO       L_strcmp31
0x0126	0x085B      	MOVF       FARG_strcmp_s1, 0
0x0127	0x0084      	MOVWF      FSR
0x0128	0x0800      	MOVF       INDF, 0
0x0129	0x00F1      	MOVWF      R1
0x012A	0x085C      	MOVF       FARG_strcmp_s2, 0
0x012B	0x0084      	MOVWF      FSR
0x012C	0x0871      	MOVF       R1, 0
0x012D	0x0600      	XORWF      INDF, 0
0x012E	0x1D03      	BTFSS      STATUS, 2
0x012F	0x2933      	GOTO       L_strcmp31
L__strcmp81:
;__Lib_CString.c,118 :: 		
0x0130	0x0ADB      	INCF       FARG_strcmp_s1, 1
0x0131	0x0ADC      	INCF       FARG_strcmp_s2, 1
0x0132	0x291F      	GOTO       L_strcmp30
L_strcmp31:
;__Lib_CString.c,120 :: 		
0x0133	0x085B      	MOVF       FARG_strcmp_s1, 0
0x0134	0x0084      	MOVWF      FSR
0x0135	0x0800      	MOVF       INDF, 0
0x0136	0x00F0      	MOVWF      R0
0x0137	0x085C      	MOVF       FARG_strcmp_s2, 0
0x0138	0x0084      	MOVWF      FSR
0x0139	0x0800      	MOVF       INDF, 0
0x013A	0x02F0      	SUBWF      R0, 1
0x013B	0x01F1      	CLRF       R0+1
0x013C	0x1C03      	BTFSS      STATUS, 0
0x013D	0x03F1      	DECF       R0+1, 1
;__Lib_CString.c,121 :: 		
L_end_strcmp:
0x013E	0x0008      	RETURN
; end of _strcmp
_get_passWord:
;SmartLock.c,5 :: 		char get_passWord(){
;SmartLock.c,6 :: 		Loop:
___get_passWord_Loop:
;SmartLock.c,7 :: 		Lcd_Out(1,1,"Enter PassWord");
0x013F	0x3001      	MOVLW      1
0x0140	0x1283      	BCF        STATUS, 5
0x0141	0x1303      	BCF        STATUS, 6
0x0142	0x00DB      	MOVWF      FARG_Lcd_Out_row
0x0143	0x3001      	MOVLW      1
0x0144	0x00DC      	MOVWF      FARG_Lcd_Out_column
0x0145	0x302F      	MOVLW      ?lstr1_SmartLock
0x0146	0x00DD      	MOVWF      FARG_Lcd_Out_text
0x0147	0x20AA      	CALL       _Lcd_Out
;SmartLock.c,8 :: 		for(i=0;i<3;i++){
0x0148	0x01D4      	CLRF       _i
0x0149	0x01D5      	CLRF       _i+1
L_get_passWord0:
0x014A	0x3080      	MOVLW      128
0x014B	0x0655      	XORWF      _i+1, 0
0x014C	0x00F0      	MOVWF      R0
0x014D	0x3080      	MOVLW      128
0x014E	0x0270      	SUBWF      R0, 0
0x014F	0x1D03      	BTFSS      STATUS, 2
0x0150	0x2953      	GOTO       L__get_passWord23
0x0151	0x3003      	MOVLW      3
0x0152	0x0254      	SUBWF      _i, 0
L__get_passWord23:
0x0153	0x1803      	BTFSC      STATUS, 0
0x0154	0x29E0      	GOTO       L_get_passWord1
;SmartLock.c,9 :: 		while(passWord[i]==0){
L_get_passWord3:
0x0155	0x0854      	MOVF       _i, 0
0x0156	0x3E56      	ADDLW      _passWord
0x0157	0x0084      	MOVWF      FSR
0x0158	0x0800      	MOVF       INDF, 0
0x0159	0x3A00      	XORLW      0
0x015A	0x1D03      	BTFSS      STATUS, 2
0x015B	0x2965      	GOTO       L_get_passWord4
;SmartLock.c,10 :: 		passWord[i]=Keypad_Key_Click();
0x015C	0x0854      	MOVF       _i, 0
0x015D	0x3E56      	ADDLW      _passWord
0x015E	0x00DA      	MOVWF      FLOC__get_passWord
0x015F	0x209D      	CALL       _Keypad_Key_Click
0x0160	0x085A      	MOVF       FLOC__get_passWord, 0
0x0161	0x0084      	MOVWF      FSR
0x0162	0x0870      	MOVF       R0, 0
0x0163	0x0080      	MOVWF      INDF
;SmartLock.c,11 :: 		}
0x0164	0x2955      	GOTO       L_get_passWord3
L_get_passWord4:
;SmartLock.c,12 :: 		switch(passWord[i]){
0x0165	0x0854      	MOVF       _i, 0
0x0166	0x3E56      	ADDLW      _passWord
0x0167	0x00F1      	MOVWF      R1
0x0168	0x299F      	GOTO       L_get_passWord5
;SmartLock.c,13 :: 		case 1:passWord[i]='7';
L_get_passWord7:
0x0169	0x0854      	MOVF       _i, 0
0x016A	0x3E56      	ADDLW      _passWord
0x016B	0x0084      	MOVWF      FSR
0x016C	0x3037      	MOVLW      55
0x016D	0x0080      	MOVWF      INDF
;SmartLock.c,14 :: 		break;
0x016E	0x29D5      	GOTO       L_get_passWord6
;SmartLock.c,15 :: 		case 2:passWord[i]='8';
L_get_passWord8:
0x016F	0x0854      	MOVF       _i, 0
0x0170	0x3E56      	ADDLW      _passWord
0x0171	0x0084      	MOVWF      FSR
0x0172	0x3038      	MOVLW      56
0x0173	0x0080      	MOVWF      INDF
;SmartLock.c,16 :: 		break;
0x0174	0x29D5      	GOTO       L_get_passWord6
;SmartLock.c,17 :: 		case 3:passWord[i]='9';
L_get_passWord9:
0x0175	0x0854      	MOVF       _i, 0
0x0176	0x3E56      	ADDLW      _passWord
0x0177	0x0084      	MOVWF      FSR
0x0178	0x3039      	MOVLW      57
0x0179	0x0080      	MOVWF      INDF
;SmartLock.c,18 :: 		break;
0x017A	0x29D5      	GOTO       L_get_passWord6
;SmartLock.c,19 :: 		case 5:passWord[i]='4';
L_get_passWord10:
0x017B	0x0854      	MOVF       _i, 0
0x017C	0x3E56      	ADDLW      _passWord
0x017D	0x0084      	MOVWF      FSR
0x017E	0x3034      	MOVLW      52
0x017F	0x0080      	MOVWF      INDF
;SmartLock.c,20 :: 		break;
0x0180	0x29D5      	GOTO       L_get_passWord6
;SmartLock.c,21 :: 		case 6:passWord[i]='5';
L_get_passWord11:
0x0181	0x0854      	MOVF       _i, 0
0x0182	0x3E56      	ADDLW      _passWord
0x0183	0x0084      	MOVWF      FSR
0x0184	0x3035      	MOVLW      53
0x0185	0x0080      	MOVWF      INDF
;SmartLock.c,22 :: 		break;
0x0186	0x29D5      	GOTO       L_get_passWord6
;SmartLock.c,23 :: 		case 7:passWord[i]='6';
L_get_passWord12:
0x0187	0x0854      	MOVF       _i, 0
0x0188	0x3E56      	ADDLW      _passWord
0x0189	0x0084      	MOVWF      FSR
0x018A	0x3036      	MOVLW      54
0x018B	0x0080      	MOVWF      INDF
;SmartLock.c,24 :: 		break;
0x018C	0x29D5      	GOTO       L_get_passWord6
;SmartLock.c,25 :: 		case 9:passWord[i]='1';
L_get_passWord13:
0x018D	0x0854      	MOVF       _i, 0
0x018E	0x3E56      	ADDLW      _passWord
0x018F	0x0084      	MOVWF      FSR
0x0190	0x3031      	MOVLW      49
0x0191	0x0080      	MOVWF      INDF
;SmartLock.c,26 :: 		break;
0x0192	0x29D5      	GOTO       L_get_passWord6
;SmartLock.c,27 :: 		case 10:passWord[i]='2';
L_get_passWord14:
0x0193	0x0854      	MOVF       _i, 0
0x0194	0x3E56      	ADDLW      _passWord
0x0195	0x0084      	MOVWF      FSR
0x0196	0x3032      	MOVLW      50
0x0197	0x0080      	MOVWF      INDF
;SmartLock.c,28 :: 		break;
0x0198	0x29D5      	GOTO       L_get_passWord6
;SmartLock.c,29 :: 		case 11:passWord[i]='3';
L_get_passWord15:
0x0199	0x0854      	MOVF       _i, 0
0x019A	0x3E56      	ADDLW      _passWord
0x019B	0x0084      	MOVWF      FSR
0x019C	0x3033      	MOVLW      51
0x019D	0x0080      	MOVWF      INDF
;SmartLock.c,30 :: 		break;
0x019E	0x29D5      	GOTO       L_get_passWord6
;SmartLock.c,31 :: 		}
L_get_passWord5:
0x019F	0x0871      	MOVF       R1, 0
0x01A0	0x0084      	MOVWF      FSR
0x01A1	0x0800      	MOVF       INDF, 0
0x01A2	0x3A01      	XORLW      1
0x01A3	0x1903      	BTFSC      STATUS, 2
0x01A4	0x2969      	GOTO       L_get_passWord7
0x01A5	0x0871      	MOVF       R1, 0
0x01A6	0x0084      	MOVWF      FSR
0x01A7	0x0800      	MOVF       INDF, 0
0x01A8	0x3A02      	XORLW      2
0x01A9	0x1903      	BTFSC      STATUS, 2
0x01AA	0x296F      	GOTO       L_get_passWord8
0x01AB	0x0871      	MOVF       R1, 0
0x01AC	0x0084      	MOVWF      FSR
0x01AD	0x0800      	MOVF       INDF, 0
0x01AE	0x3A03      	XORLW      3
0x01AF	0x1903      	BTFSC      STATUS, 2
0x01B0	0x2975      	GOTO       L_get_passWord9
0x01B1	0x0871      	MOVF       R1, 0
0x01B2	0x0084      	MOVWF      FSR
0x01B3	0x0800      	MOVF       INDF, 0
0x01B4	0x3A05      	XORLW      5
0x01B5	0x1903      	BTFSC      STATUS, 2
0x01B6	0x297B      	GOTO       L_get_passWord10
0x01B7	0x0871      	MOVF       R1, 0
0x01B8	0x0084      	MOVWF      FSR
0x01B9	0x0800      	MOVF       INDF, 0
0x01BA	0x3A06      	XORLW      6
0x01BB	0x1903      	BTFSC      STATUS, 2
0x01BC	0x2981      	GOTO       L_get_passWord11
0x01BD	0x0871      	MOVF       R1, 0
0x01BE	0x0084      	MOVWF      FSR
0x01BF	0x0800      	MOVF       INDF, 0
0x01C0	0x3A07      	XORLW      7
0x01C1	0x1903      	BTFSC      STATUS, 2
0x01C2	0x2987      	GOTO       L_get_passWord12
0x01C3	0x0871      	MOVF       R1, 0
0x01C4	0x0084      	MOVWF      FSR
0x01C5	0x0800      	MOVF       INDF, 0
0x01C6	0x3A09      	XORLW      9
0x01C7	0x1903      	BTFSC      STATUS, 2
0x01C8	0x298D      	GOTO       L_get_passWord13
0x01C9	0x0871      	MOVF       R1, 0
0x01CA	0x0084      	MOVWF      FSR
0x01CB	0x0800      	MOVF       INDF, 0
0x01CC	0x3A0A      	XORLW      10
0x01CD	0x1903      	BTFSC      STATUS, 2
0x01CE	0x2993      	GOTO       L_get_passWord14
0x01CF	0x0871      	MOVF       R1, 0
0x01D0	0x0084      	MOVWF      FSR
0x01D1	0x0800      	MOVF       INDF, 0
0x01D2	0x3A0B      	XORLW      11
0x01D3	0x1903      	BTFSC      STATUS, 2
0x01D4	0x2999      	GOTO       L_get_passWord15
L_get_passWord6:
;SmartLock.c,32 :: 		Lcd_Chr(2,i+1,'*');
0x01D5	0x3002      	MOVLW      2
0x01D6	0x00DB      	MOVWF      FARG_Lcd_Chr_row
0x01D7	0x0A54      	INCF       _i, 0
0x01D8	0x00DC      	MOVWF      FARG_Lcd_Chr_column
0x01D9	0x302A      	MOVLW      42
0x01DA	0x00DD      	MOVWF      FARG_Lcd_Chr_out_char
0x01DB	0x20EA      	CALL       _Lcd_Chr
;SmartLock.c,8 :: 		for(i=0;i<3;i++){
0x01DC	0x0AD4      	INCF       _i, 1
0x01DD	0x1903      	BTFSC      STATUS, 2
0x01DE	0x0AD5      	INCF       _i+1, 1
;SmartLock.c,33 :: 		}
0x01DF	0x294A      	GOTO       L_get_passWord0
L_get_passWord1:
;SmartLock.c,34 :: 		if(strcmp(passWord,"123")==0){return 1;}
0x01E0	0x3056      	MOVLW      _passWord
0x01E1	0x00DB      	MOVWF      FARG_strcmp_s1
0x01E2	0x304D      	MOVLW      ?lstr2_SmartLock
0x01E3	0x00DC      	MOVWF      FARG_strcmp_s2
0x01E4	0x211F      	CALL       _strcmp
0x01E5	0x3000      	MOVLW      0
0x01E6	0x0671      	XORWF      R0+1, 0
0x01E7	0x1D03      	BTFSS      STATUS, 2
0x01E8	0x29EB      	GOTO       L__get_passWord24
0x01E9	0x3000      	MOVLW      0
0x01EA	0x0670      	XORWF      R0, 0
L__get_passWord24:
0x01EB	0x1D03      	BTFSS      STATUS, 2
0x01EC	0x29F0      	GOTO       L_get_passWord16
0x01ED	0x3001      	MOVLW      1
0x01EE	0x00F0      	MOVWF      R0
0x01EF	0x2A0C      	GOTO       L_end_get_passWord
L_get_passWord16:
;SmartLock.c,36 :: 		Lcd_Out(1,1,"Wrong PassWord");
0x01F0	0x3001      	MOVLW      1
0x01F1	0x00DB      	MOVWF      FARG_Lcd_Out_row
0x01F2	0x3001      	MOVLW      1
0x01F3	0x00DC      	MOVWF      FARG_Lcd_Out_column
0x01F4	0x303E      	MOVLW      ?lstr3_SmartLock
0x01F5	0x00DD      	MOVWF      FARG_Lcd_Out_text
0x01F6	0x20AA      	CALL       _Lcd_Out
;SmartLock.c,37 :: 		delay_ms(1000);
0x01F7	0x3006      	MOVLW      6
0x01F8	0x00FB      	MOVWF      R11
0x01F9	0x3013      	MOVLW      19
0x01FA	0x00FC      	MOVWF      R12
0x01FB	0x30AD      	MOVLW      173
0x01FC	0x00FD      	MOVWF      R13
L_get_passWord18:
0x01FD	0x0BFD      	DECFSZ     R13, 1
0x01FE	0x29FD      	GOTO       L_get_passWord18
0x01FF	0x0BFC      	DECFSZ     R12, 1
0x0200	0x29FD      	GOTO       L_get_passWord18
0x0201	0x0BFB      	DECFSZ     R11, 1
0x0202	0x29FD      	GOTO       L_get_passWord18
0x0203	0x0000      	NOP
0x0204	0x0000      	NOP
;SmartLock.c,38 :: 		passWord[0]=0;
0x0205	0x01D6      	CLRF       _passWord
;SmartLock.c,39 :: 		passWord[1]=0;
0x0206	0x01D7      	CLRF       _passWord+1
;SmartLock.c,40 :: 		passWord[2]=0;
0x0207	0x01D8      	CLRF       _passWord+2
;SmartLock.c,41 :: 		Lcd_Cmd(_LCD_CLEAR);
0x0208	0x3001      	MOVLW      1
0x0209	0x00E4      	MOVWF      FARG_Lcd_Cmd_out_char
0x020A	0x2018      	CALL       _Lcd_Cmd
;SmartLock.c,42 :: 		goto Loop;
0x020B	0x293F      	GOTO       ___get_passWord_Loop
;SmartLock.c,44 :: 		}
L_end_get_passWord:
0x020C	0x0008      	RETURN
; end of _get_passWord
_Keypad_Init:
;__Lib_Keypad4x4.c,33 :: 		
;__Lib_Keypad4x4.c,34 :: 		
0x020D	0x30FF      	MOVLW      255
0x020E	0x1683      	BSF        STATUS, 5
0x020F	0x1303      	BCF        STATUS, 6
0x0210	0x0086      	MOVWF      keypadPort+128
;__Lib_Keypad4x4.c,35 :: 		
L_end_Keypad_Init:
0x0211	0x0008      	RETURN
; end of _Keypad_Init
___CC2DW:
;__Lib_System.c,134 :: 		
;__Lib_System.c,137 :: 		
_CC2D_Loop1:
;__Lib_System.c,139 :: 		
0x0212	0x2096      	CALL       _____DoICP
0x0213	0x118A      	BCF        PCLATH, 3
0x0214	0x120A      	BCF        PCLATH, 4
;__Lib_System.c,141 :: 		
0x0215	0x0080      	MOVWF      INDF
;__Lib_System.c,142 :: 		
0x0216	0x0A84      	INCF       FSR, 1
;__Lib_System.c,143 :: 		
0x0217	0x0AD1      	INCF       ___DoICPAddr, 1
;__Lib_System.c,145 :: 		
0x0218	0x1903      	BTFSC      STATUS, 2
;__Lib_System.c,146 :: 		
0x0219	0x0AD2      	INCF       ___DoICPAddr+1, 1
;__Lib_System.c,147 :: 		
0x021A	0x03F0      	DECF       R0, 1
;__Lib_System.c,149 :: 		
0x021B	0x1D03      	BTFSS      STATUS, 2
;__Lib_System.c,150 :: 		
0x021C	0x2A12      	GOTO       _CC2D_Loop1
;__Lib_System.c,152 :: 		
L_end___CC2DW:
0x021D	0x0008      	RETURN
; end of ___CC2DW
_Lcd_Init:
;__Lib_Lcd.c,84 :: 		
;__Lib_Lcd.c,86 :: 		
0x021E	0x1683      	BSF        STATUS, 5
0x021F	0x1303      	BCF        STATUS, 6
0x0220	0x1187      	BCF        LCD_EN_Direction, BitPos(LCD_EN_Direction+0)
;__Lib_Lcd.c,87 :: 		
0x0221	0x1107      	BCF        LCD_RS_Direction, BitPos(LCD_RS_Direction+0)
;__Lib_Lcd.c,88 :: 		
0x0222	0x1207      	BCF        LCD_D4_Direction, BitPos(LCD_D4_Direction+0)
;__Lib_Lcd.c,89 :: 		
0x0223	0x1287      	BCF        LCD_D5_Direction, BitPos(LCD_D5_Direction+0)
;__Lib_Lcd.c,90 :: 		
0x0224	0x1307      	BCF        LCD_D6_Direction, BitPos(LCD_D6_Direction+0)
;__Lib_Lcd.c,91 :: 		
0x0225	0x1387      	BCF        LCD_D7_Direction, BitPos(LCD_D7_Direction+0)
;__Lib_Lcd.c,93 :: 		
0x0226	0x1283      	BCF        STATUS, 5
0x0227	0x1187      	BCF        LCD_EN, BitPos(LCD_EN+0)
;__Lib_Lcd.c,94 :: 		
0x0228	0x1107      	BCF        LCD_RS, BitPos(LCD_RS+0)
;__Lib_Lcd.c,95 :: 		
0x0229	0x1387      	BCF        LCD_D7, BitPos(LCD_D7+0)
;__Lib_Lcd.c,96 :: 		
0x022A	0x1307      	BCF        LCD_D6, BitPos(LCD_D6+0)
;__Lib_Lcd.c,97 :: 		
0x022B	0x1287      	BCF        LCD_D5, BitPos(LCD_D5+0)
;__Lib_Lcd.c,98 :: 		
0x022C	0x1207      	BCF        LCD_D4, BitPos(LCD_D4+0)
;__Lib_Lcd.c,100 :: 		
0x022D	0x200D      	CALL       _Delay_5500us
;__Lib_Lcd.c,101 :: 		
0x022E	0x200D      	CALL       _Delay_5500us
;__Lib_Lcd.c,102 :: 		
0x022F	0x200D      	CALL       _Delay_5500us
;__Lib_Lcd.c,105 :: 		
0x0230	0x1687      	BSF        LCD_D5, BitPos(LCD_D5+0)
;__Lib_Lcd.c,106 :: 		
0x0231	0x1607      	BSF        LCD_D4, BitPos(LCD_D4+0)
;__Lib_Lcd.c,107 :: 		
0x0232	0x1587      	BSF        LCD_EN, BitPos(LCD_EN+0)
;__Lib_Lcd.c,108 :: 		
0x0233	0x2003      	CALL       _Delay_1us
;__Lib_Lcd.c,109 :: 		
0x0234	0x1187      	BCF        LCD_EN, BitPos(LCD_EN+0)
;__Lib_Lcd.c,110 :: 		
0x0235	0x200D      	CALL       _Delay_5500us
;__Lib_Lcd.c,112 :: 		
0x0236	0x1587      	BSF        LCD_EN, BitPos(LCD_EN+0)
;__Lib_Lcd.c,113 :: 		
0x0237	0x2003      	CALL       _Delay_1us
;__Lib_Lcd.c,114 :: 		
0x0238	0x1187      	BCF        LCD_EN, BitPos(LCD_EN+0)
;__Lib_Lcd.c,115 :: 		
0x0239	0x200D      	CALL       _Delay_5500us
;__Lib_Lcd.c,117 :: 		
0x023A	0x1587      	BSF        LCD_EN, BitPos(LCD_EN+0)
;__Lib_Lcd.c,118 :: 		
0x023B	0x2003      	CALL       _Delay_1us
;__Lib_Lcd.c,119 :: 		
0x023C	0x1187      	BCF        LCD_EN, BitPos(LCD_EN+0)
;__Lib_Lcd.c,120 :: 		
0x023D	0x200D      	CALL       _Delay_5500us
;__Lib_Lcd.c,123 :: 		
0x023E	0x1207      	BCF        LCD_D4, BitPos(LCD_D4+0)
;__Lib_Lcd.c,124 :: 		
0x023F	0x1587      	BSF        LCD_EN, BitPos(LCD_EN+0)
;__Lib_Lcd.c,125 :: 		
0x0240	0x2003      	CALL       _Delay_1us
;__Lib_Lcd.c,126 :: 		
0x0241	0x1187      	BCF        LCD_EN, BitPos(LCD_EN+0)
;__Lib_Lcd.c,127 :: 		
0x0242	0x200D      	CALL       _Delay_5500us
;__Lib_Lcd.c,130 :: 		
0x0243	0x1587      	BSF        LCD_EN, BitPos(LCD_EN+0)
;__Lib_Lcd.c,131 :: 		
0x0244	0x2003      	CALL       _Delay_1us
;__Lib_Lcd.c,132 :: 		
0x0245	0x1187      	BCF        LCD_EN, BitPos(LCD_EN+0)
;__Lib_Lcd.c,134 :: 		
0x0246	0x1287      	BCF        LCD_D5, BitPos(LCD_D5+0)
;__Lib_Lcd.c,135 :: 		
0x0247	0x1787      	BSF        LCD_D7, BitPos(LCD_D7+0)
;__Lib_Lcd.c,136 :: 		
0x0248	0x1587      	BSF        LCD_EN, BitPos(LCD_EN+0)
;__Lib_Lcd.c,137 :: 		
0x0249	0x2003      	CALL       _Delay_1us
;__Lib_Lcd.c,138 :: 		
0x024A	0x1187      	BCF        LCD_EN, BitPos(LCD_EN+0)
;__Lib_Lcd.c,139 :: 		
0x024B	0x200D      	CALL       _Delay_5500us
;__Lib_Lcd.c,142 :: 		
0x024C	0x1387      	BCF        LCD_D7, BitPos(LCD_D7+0)
;__Lib_Lcd.c,143 :: 		
0x024D	0x1607      	BSF        LCD_D4, BitPos(LCD_D4+0)
;__Lib_Lcd.c,144 :: 		
0x024E	0x1587      	BSF        LCD_EN, BitPos(LCD_EN+0)
;__Lib_Lcd.c,145 :: 		
0x024F	0x2003      	CALL       _Delay_1us
;__Lib_Lcd.c,146 :: 		
0x0250	0x1187      	BCF        LCD_EN, BitPos(LCD_EN+0)
;__Lib_Lcd.c,148 :: 		
0x0251	0x1207      	BCF        LCD_D4, BitPos(LCD_D4+0)
;__Lib_Lcd.c,149 :: 		
0x0252	0x1587      	BSF        LCD_EN, BitPos(LCD_EN+0)
;__Lib_Lcd.c,150 :: 		
0x0253	0x2003      	CALL       _Delay_1us
;__Lib_Lcd.c,151 :: 		
0x0254	0x1187      	BCF        LCD_EN, BitPos(LCD_EN+0)
;__Lib_Lcd.c,152 :: 		
0x0255	0x200D      	CALL       _Delay_5500us
;__Lib_Lcd.c,155 :: 		
0x0256	0x1587      	BSF        LCD_EN, BitPos(LCD_EN+0)
;__Lib_Lcd.c,156 :: 		
0x0257	0x2003      	CALL       _Delay_1us
;__Lib_Lcd.c,157 :: 		
0x0258	0x1187      	BCF        LCD_EN, BitPos(LCD_EN+0)
;__Lib_Lcd.c,159 :: 		
0x0259	0x1607      	BSF        LCD_D4, BitPos(LCD_D4+0)
;__Lib_Lcd.c,160 :: 		
0x025A	0x1587      	BSF        LCD_EN, BitPos(LCD_EN+0)
;__Lib_Lcd.c,161 :: 		
0x025B	0x2003      	CALL       _Delay_1us
;__Lib_Lcd.c,162 :: 		
0x025C	0x1187      	BCF        LCD_EN, BitPos(LCD_EN+0)
;__Lib_Lcd.c,163 :: 		
0x025D	0x200D      	CALL       _Delay_5500us
;__Lib_Lcd.c,166 :: 		
0x025E	0x1207      	BCF        LCD_D4, BitPos(LCD_D4+0)
;__Lib_Lcd.c,167 :: 		
0x025F	0x1587      	BSF        LCD_EN, BitPos(LCD_EN+0)
;__Lib_Lcd.c,168 :: 		
0x0260	0x2003      	CALL       _Delay_1us
;__Lib_Lcd.c,169 :: 		
0x0261	0x1187      	BCF        LCD_EN, BitPos(LCD_EN+0)
;__Lib_Lcd.c,171 :: 		
0x0262	0x1787      	BSF        LCD_D7, BitPos(LCD_D7+0)
;__Lib_Lcd.c,172 :: 		
0x0263	0x1707      	BSF        LCD_D6, BitPos(LCD_D6+0)
;__Lib_Lcd.c,173 :: 		
0x0264	0x1687      	BSF        LCD_D5, BitPos(LCD_D5+0)
;__Lib_Lcd.c,174 :: 		
0x0265	0x1607      	BSF        LCD_D4, BitPos(LCD_D4+0)
;__Lib_Lcd.c,175 :: 		
0x0266	0x1587      	BSF        LCD_EN, BitPos(LCD_EN+0)
;__Lib_Lcd.c,176 :: 		
0x0267	0x2003      	CALL       _Delay_1us
;__Lib_Lcd.c,177 :: 		
0x0268	0x1187      	BCF        LCD_EN, BitPos(LCD_EN+0)
;__Lib_Lcd.c,179 :: 		
0x0269	0x200D      	CALL       _Delay_5500us
;__Lib_Lcd.c,181 :: 		
0x026A	0x1453      	BSF        __Lib_Lcd_cmd_status, BitPos(__Lib_Lcd_cmd_status+0)
;__Lib_Lcd.c,182 :: 		
L_end_Lcd_Init:
0x026B	0x0008      	RETURN
; end of _Lcd_Init
_main:
0x026C	0x22CE      	CALL       718
;SmartLock.c,45 :: 		void main() {
;SmartLock.c,46 :: 		TRISD.B0=0;
0x026D	0x1683      	BSF        STATUS, 5
0x026E	0x1303      	BCF        STATUS, 6
0x026F	0x1008      	BCF        TRISD, 0
;SmartLock.c,47 :: 		PORTD.b0=0;
0x0270	0x1283      	BCF        STATUS, 5
0x0271	0x1008      	BCF        PORTD, 0
;SmartLock.c,49 :: 		Lcd_Init();
0x0272	0x221E      	CALL       _Lcd_Init
;SmartLock.c,50 :: 		Lcd_Cmd(_LCD_CLEAR); // Clear display
0x0273	0x3001      	MOVLW      1
0x0274	0x00E4      	MOVWF      FARG_Lcd_Cmd_out_char
0x0275	0x2018      	CALL       _Lcd_Cmd
;SmartLock.c,51 :: 		Lcd_Cmd(_LCD_CURSOR_OFF); // Cursor off
0x0276	0x300C      	MOVLW      12
0x0277	0x00E4      	MOVWF      FARG_Lcd_Cmd_out_char
0x0278	0x2018      	CALL       _Lcd_Cmd
;SmartLock.c,54 :: 		Keypad_Init();
0x0279	0x220D      	CALL       _Keypad_Init
;SmartLock.c,57 :: 		get_passWord();
0x027A	0x213F      	CALL       _get_passWord
;SmartLock.c,60 :: 		while(1){
L_main19:
;SmartLock.c,61 :: 		Lcd_Cmd(_LCD_CLEAR);
0x027B	0x3001      	MOVLW      1
0x027C	0x00E4      	MOVWF      FARG_Lcd_Cmd_out_char
0x027D	0x2018      	CALL       _Lcd_Cmd
;SmartLock.c,62 :: 		Lcd_Out(1,2,"Flash progress");
0x027E	0x3001      	MOVLW      1
0x027F	0x00DB      	MOVWF      FARG_Lcd_Out_row
0x0280	0x3002      	MOVLW      2
0x0281	0x00DC      	MOVWF      FARG_Lcd_Out_column
0x0282	0x3020      	MOVLW      ?lstr4_SmartLock
0x0283	0x00DD      	MOVWF      FARG_Lcd_Out_text
0x0284	0x20AA      	CALL       _Lcd_Out
;SmartLock.c,63 :: 		PORTD.B0=~PORTD.B0;
0x0285	0x3001      	MOVLW      1
0x0286	0x0688      	XORWF      PORTD, 1
;SmartLock.c,64 :: 		delay_ms(1000);
0x0287	0x3006      	MOVLW      6
0x0288	0x00FB      	MOVWF      R11
0x0289	0x3013      	MOVLW      19
0x028A	0x00FC      	MOVWF      R12
0x028B	0x30AD      	MOVLW      173
0x028C	0x00FD      	MOVWF      R13
L_main21:
0x028D	0x0BFD      	DECFSZ     R13, 1
0x028E	0x2A8D      	GOTO       L_main21
0x028F	0x0BFC      	DECFSZ     R12, 1
0x0290	0x2A8D      	GOTO       L_main21
0x0291	0x0BFB      	DECFSZ     R11, 1
0x0292	0x2A8D      	GOTO       L_main21
0x0293	0x0000      	NOP
0x0294	0x0000      	NOP
;SmartLock.c,65 :: 		}
0x0295	0x2A7B      	GOTO       L_main19
;SmartLock.c,66 :: 		}
L_end_main:
0x0296	0x2A96      	GOTO       $+0
; end of _main
0x02CE	0x3020      	MOVLW      32
0x02CF	0x0084      	MOVWF      FSR
0x02D0	0x3031      	MOVLW      49
0x02D1	0x1283      	BCF        STATUS, 5
0x02D2	0x1303      	BCF        STATUS, 6
0x02D3	0x00F0      	MOVWF      R0
0x02D4	0x309C      	MOVLW      156
0x02D5	0x00D1      	MOVWF      ___DoICPAddr
0x02D6	0x3002      	MOVLW      2
0x02D7	0x00D2      	MOVWF      82
0x02D8	0x2212      	CALL       530
0x02D9	0x0008      	RETURN
;SmartLock.c,0 :: ?ICS?lstr4_SmartLock
0x029C	0x3446 ;?ICS?lstr4_SmartLock+0
0x029D	0x346C ;?ICS?lstr4_SmartLock+1
0x029E	0x3461 ;?ICS?lstr4_SmartLock+2
0x029F	0x3473 ;?ICS?lstr4_SmartLock+3
0x02A0	0x3468 ;?ICS?lstr4_SmartLock+4
0x02A1	0x3420 ;?ICS?lstr4_SmartLock+5
0x02A2	0x3470 ;?ICS?lstr4_SmartLock+6
0x02A3	0x3472 ;?ICS?lstr4_SmartLock+7
0x02A4	0x346F ;?ICS?lstr4_SmartLock+8
0x02A5	0x3467 ;?ICS?lstr4_SmartLock+9
0x02A6	0x3472 ;?ICS?lstr4_SmartLock+10
0x02A7	0x3465 ;?ICS?lstr4_SmartLock+11
0x02A8	0x3473 ;?ICS?lstr4_SmartLock+12
0x02A9	0x3473 ;?ICS?lstr4_SmartLock+13
0x02AA	0x3400 ;?ICS?lstr4_SmartLock+14
; end of ?ICS?lstr4_SmartLock
;SmartLock.c,0 :: ?ICS?lstr1_SmartLock
0x02AB	0x3445 ;?ICS?lstr1_SmartLock+0
0x02AC	0x346E ;?ICS?lstr1_SmartLock+1
0x02AD	0x3474 ;?ICS?lstr1_SmartLock+2
0x02AE	0x3465 ;?ICS?lstr1_SmartLock+3
0x02AF	0x3472 ;?ICS?lstr1_SmartLock+4
0x02B0	0x3420 ;?ICS?lstr1_SmartLock+5
0x02B1	0x3450 ;?ICS?lstr1_SmartLock+6
0x02B2	0x3461 ;?ICS?lstr1_SmartLock+7
0x02B3	0x3473 ;?ICS?lstr1_SmartLock+8
0x02B4	0x3473 ;?ICS?lstr1_SmartLock+9
0x02B5	0x3457 ;?ICS?lstr1_SmartLock+10
0x02B6	0x346F ;?ICS?lstr1_SmartLock+11
0x02B7	0x3472 ;?ICS?lstr1_SmartLock+12
0x02B8	0x3464 ;?ICS?lstr1_SmartLock+13
0x02B9	0x3400 ;?ICS?lstr1_SmartLock+14
; end of ?ICS?lstr1_SmartLock
;SmartLock.c,0 :: ?ICS?lstr3_SmartLock
0x02BA	0x3457 ;?ICS?lstr3_SmartLock+0
0x02BB	0x3472 ;?ICS?lstr3_SmartLock+1
0x02BC	0x346F ;?ICS?lstr3_SmartLock+2
0x02BD	0x346E ;?ICS?lstr3_SmartLock+3
0x02BE	0x3467 ;?ICS?lstr3_SmartLock+4
0x02BF	0x3420 ;?ICS?lstr3_SmartLock+5
0x02C0	0x3450 ;?ICS?lstr3_SmartLock+6
0x02C1	0x3461 ;?ICS?lstr3_SmartLock+7
0x02C2	0x3473 ;?ICS?lstr3_SmartLock+8
0x02C3	0x3473 ;?ICS?lstr3_SmartLock+9
0x02C4	0x3457 ;?ICS?lstr3_SmartLock+10
0x02C5	0x346F ;?ICS?lstr3_SmartLock+11
0x02C6	0x3472 ;?ICS?lstr3_SmartLock+12
0x02C7	0x3464 ;?ICS?lstr3_SmartLock+13
0x02C8	0x3400 ;?ICS?lstr3_SmartLock+14
; end of ?ICS?lstr3_SmartLock
;SmartLock.c,0 :: ?ICS?lstr2_SmartLock
0x02C9	0x3431 ;?ICS?lstr2_SmartLock+0
0x02CA	0x3432 ;?ICS?lstr2_SmartLock+1
0x02CB	0x3433 ;?ICS?lstr2_SmartLock+2
0x02CC	0x3400 ;?ICS?lstr2_SmartLock+3
; end of ?ICS?lstr2_SmartLock
Symbol List:
//** Routines locations **
//ADDRESS    SIZE    PROCEDURE
//----------------------------------------------
0x0003       [2]    _Delay_1us
0x0005       [8]    _Delay_50us
0x000D      [11]    _Delay_5500us
0x0018      [64]    _Lcd_Cmd
0x0058      [47]    _Keypad_Key_Press
0x0087       [8]    _Lcd_Chr_CP
0x008F       [7]    _Delay_10us
0x0096       [7]    _____DoICP
0x009D      [13]    _Keypad_Key_Click
0x00AA      [64]    _Lcd_Out
0x00EA      [53]    _Lcd_Chr
0x011F      [32]    _strcmp
0x013F     [206]    _get_passWord
0x020D       [5]    _Keypad_Init
0x0212      [12]    ___CC2DW
0x021E      [78]    _Lcd_Init
0x026C      [42]    _main
//** Variables locations ** 
//ADDRESS    SIZE    VARIABLE
//----------------------------------------------
0x0000       [1]    INDF
0x0002       [1]    PCL
0x0003       [1]    STATUS
0x0004       [1]    FSR
0x0006       [1]    keypadPort
0x0006       [1]    PORTB
0x0007       [0]    LCD_D5
0x0007       [0]    RC2_bit
0x0007       [0]    LCD_D7
0x0007       [0]    LCD_D6
0x0007       [0]    RC6_bit
0x0007       [0]    RC7_bit
0x0007       [0]    RC5_bit
0x0007       [0]    RC3_bit
0x0007       [0]    RC4_bit
0x0007       [0]    LCD_EN
0x0007       [0]    LCD_D4
0x0007       [0]    LCD_RS
0x0008       [1]    PORTD
0x000A       [1]    PCLATH
0x0020      [15]    ?lstr4_SmartLock
0x002F      [15]    ?lstr1_SmartLock
0x003E      [15]    ?lstr3_SmartLock
0x004D       [4]    ?lstr2_SmartLock
0x0051       [2]    ___DoICPAddr
0x0053       [0]    __Lib_Lcd_cmd_status
0x0054       [2]    _i
0x0056       [4]    _passWord
0x005A       [1]    FLOC__get_passWord
0x005B       [1]    FARG_Lcd_Chr_row
0x005B       [1]    FARG_strcmp_s1
0x005B       [1]    FARG_Lcd_Out_row
0x005B       [1]    Keypad_Key_Click_rslt_L0
0x005C       [1]    FARG_Lcd_Chr_column
0x005C       [1]    FARG_Lcd_Out_column
0x005C       [1]    FARG_strcmp_s2
0x005D       [1]    FARG_Lcd_Out_text
0x005D       [1]    FARG_Lcd_Chr_out_char
0x005E       [1]    Lcd_Out_i_L0
0x005F       [1]    Keypad_Key_Press_rslt_L0
0x005F       [1]    FARG_Lcd_Chr_CP_out_char
0x0060       [1]    Keypad_Key_Press_kdata_L0
0x0061       [1]    Keypad_Key_Press_loc_L0
0x0062       [1]    Keypad_Key_Press_rowcnt_L0
0x0063       [1]    Keypad_Key_Press_shifter_L0
0x0064       [1]    FARG_Lcd_Cmd_out_char
0x0070       [1]    R0
0x0071       [1]    R1
0x0072       [1]    R2
0x0073       [1]    R3
0x0074       [1]    R4
0x0075       [1]    R5
0x0076       [1]    R6
0x0077       [1]    R7
0x0078       [1]    R8
0x0079       [1]    R9
0x007A       [1]    R10
0x007B       [1]    R11
0x007C       [1]    R12
0x007D       [1]    R13
0x007E       [1]    R14
0x007F       [1]    R15
0x0087       [0]    TRISC3_bit
0x0087       [0]    LCD_D7_Direction
0x0087       [0]    TRISC4_bit
0x0087       [0]    TRISC7_bit
0x0087       [0]    TRISC2_bit
0x0087       [0]    TRISC6_bit
0x0087       [0]    LCD_EN_Direction
0x0087       [0]    TRISC5_bit
0x0087       [0]    LCD_RS_Direction
0x0087       [0]    LCD_D6_Direction
0x0087       [0]    LCD_D4_Direction
0x0087       [0]    LCD_D5_Direction
0x0088       [1]    TRISD
//** Constants locations ** 
//ADDRESS    SIZE    CONSTANT
//----------------------------------------------
0x029C      [15]    ?ICS?lstr4_SmartLock
0x02AB      [15]    ?ICS?lstr1_SmartLock
0x02BA      [15]    ?ICS?lstr3_SmartLock
0x02C9       [4]    ?ICS?lstr2_SmartLock
